0 info it worked if it ends with ok
1 verbose cli [ '/usr/local/Cellar/node/6.2.2/bin/node',
1 verbose cli   '/usr/local/bin/npm',
1 verbose cli   'run',
1 verbose cli   'wp-dev' ]
2 info using npm@3.9.5
3 info using node@v6.2.2
4 verbose run-script [ 'prewp-dev', 'wp-dev', 'postwp-dev' ]
5 info lifecycle syncollege@0.0.1~prewp-dev: syncollege@0.0.1
6 silly lifecycle syncollege@0.0.1~prewp-dev: no script for prewp-dev, continuing
7 info lifecycle syncollege@0.0.1~wp-dev: syncollege@0.0.1
8 verbose lifecycle syncollege@0.0.1~wp-dev: unsafe-perm in lifecycle true
9 verbose lifecycle syncollege@0.0.1~wp-dev: PATH: /usr/local/lib/node_modules/npm/bin/node-gyp-bin:/Volumes/DATA/github/syncollege/node_modules/.bin:/usr/local/Cellar/node/6.2.2/bin:/usr/local/bin:/usr/bin:/bin:/usr/sbin:/sbin
10 verbose lifecycle syncollege@0.0.1~wp-dev: CWD: /Volumes/DATA/github/syncollege
11 silly lifecycle syncollege@0.0.1~wp-dev: Args: [ '-c',
11 silly lifecycle   'source bashrc.local; cd web; rm -r web/build; mkdir -p build; node --harmony ./wp.js --dev' ]
12 silly lifecycle syncollege@0.0.1~wp-dev: Returned: code: 1  signal: null
13 info lifecycle syncollege@0.0.1~wp-dev: Failed to exec wp-dev script
14 verbose stack Error: syncollege@0.0.1 wp-dev: `source bashrc.local; cd web; rm -r web/build; mkdir -p build; node --harmony ./wp.js --dev`
14 verbose stack Exit status 1
14 verbose stack     at EventEmitter.<anonymous> (/usr/local/lib/node_modules/npm/lib/utils/lifecycle.js:245:16)
14 verbose stack     at emitTwo (events.js:106:13)
14 verbose stack     at EventEmitter.emit (events.js:191:7)
14 verbose stack     at ChildProcess.<anonymous> (/usr/local/lib/node_modules/npm/lib/utils/spawn.js:24:14)
14 verbose stack     at emitTwo (events.js:106:13)
14 verbose stack     at ChildProcess.emit (events.js:191:7)
14 verbose stack     at maybeClose (internal/child_process.js:852:16)
14 verbose stack     at Process.ChildProcess._handle.onexit (internal/child_process.js:215:5)
15 verbose pkgid syncollege@0.0.1
16 verbose cwd /Volumes/DATA/github/syncollege
17 error Darwin 15.4.0
18 error argv "/usr/local/Cellar/node/6.2.2/bin/node" "/usr/local/bin/npm" "run" "wp-dev"
19 error node v6.2.2
20 error npm  v3.9.5
21 error code ELIFECYCLE
22 error syncollege@0.0.1 wp-dev: `source bashrc.local; cd web; rm -r web/build; mkdir -p build; node --harmony ./wp.js --dev`
22 error Exit status 1
23 error Failed at the syncollege@0.0.1 wp-dev script 'source bashrc.local; cd web; rm -r web/build; mkdir -p build; node --harmony ./wp.js --dev'.
23 error Make sure you have the latest version of node.js and npm installed.
23 error If you do, this is most likely a problem with the syncollege package,
23 error not with npm itself.
23 error Tell the author that this fails on your system:
23 error     source bashrc.local; cd web; rm -r web/build; mkdir -p build; node --harmony ./wp.js --dev
23 error You can get information on how to open an issue for this project with:
23 error     npm bugs syncollege
23 error Or if that isn't available, you can get their info via:
23 error     npm owner ls syncollege
23 error There is likely additional logging output above.
24 verbose exit [ 1, true ]
